# JRE version: Java(TM) SE Runtime Environment (16.0+36) (build 16+36-2231)
# Java VM: Java HotSpot(TM) 64-Bit Server VM (16+36-2231, mixed mode, sharing, tiered, compressed oops, g1 gc, windows-amd64)
GC Precious Log:
 CPUs: 4 total, 4 available
 Memory: 4016M
 Large Page Support: Disabled
 NUMA Support: Disabled
 Compressed Oops: Enabled (32-bit)
 Heap Region Size: 1M
 Heap Min Capacity: 8M
 Heap Initial Capacity: 64M
 Heap Max Capacity: 1006M
 Pre-touch: Disabled
 Parallel Workers: 4
 Concurrent Workers: 1
 Concurrent Refinement Workers: 4
 Periodic GC: Disabled
Heap:
 garbage-first heap   total 142336K, used 105626K [0x00000000c1200000, 0x0000000100000000)
  region size 1024K, 55 young (56320K), 1 survivors (1024K)
 Metaspace       used 31146K, committed 31488K, reserved 1081344K
  class space    used 3339K, committed 3456K, reserved 1048576K
GC Heap History (20 events):
Event: 14.800 GC heap before
{Heap before GC invocations=13 (full 0):
 garbage-first heap   total 76800K, used 57730K [0x00000000c1200000, 0x0000000100000000)
  region size 1024K, 31 young (31744K), 2 survivors (2048K)
 Metaspace       used 24022K, committed 24256K, reserved 1073152K
  class space    used 2600K, committed 2688K, reserved 1048576K
}
Event: 14.823 GC heap after
{Heap after GC invocations=14 (full 0):
 garbage-first heap   total 76800K, used 34597K [0x00000000c1200000, 0x0000000100000000)
  region size 1024K, 4 young (4096K), 4 survivors (4096K)
 Metaspace       used 24022K, committed 24256K, reserved 1073152K
  class space    used 2600K, committed 2688K, reserved 1048576K
}
Event: 15.468 GC heap before
{Heap before GC invocations=14 (full 0):
 garbage-first heap   total 76800K, used 58149K [0x00000000c1200000, 0x0000000100000000)
  region size 1024K, 26 young (26624K), 4 survivors (4096K)
 Metaspace       used 24685K, committed 24960K, reserved 1073152K
  class space    used 2638K, committed 2752K, reserved 1048576K
}
Event: 15.495 GC heap after
{Heap after GC invocations=15 (full 0):
 garbage-first heap   total 76800K, used 40146K [0x00000000c1200000, 0x0000000100000000)
  region size 1024K, 4 young (4096K), 4 survivors (4096K)
 Metaspace       used 24685K, committed 24960K, reserved 1073152K
  class space    used 2638K, committed 2752K, reserved 1048576K
}
Event: 16.058 GC heap before
{Heap before GC invocations=15 (full 0):
 garbage-first heap   total 76800K, used 48338K [0x00000000c1200000, 0x0000000100000000)
  region size 1024K, 13 young (13312K), 4 survivors (4096K)
 Metaspace       used 26190K, committed 26496K, reserved 1073152K
  class space    used 2801K, committed 2944K, reserved 1048576K
}
Event: 16.078 GC heap after
{Heap after GC invocations=16 (full 0):
 garbage-first heap   total 129024K, used 41872K [0x00000000c1200000, 0x0000000100000000)
  region size 1024K, 2 young (2048K), 2 survivors (2048K)
 Metaspace       used 26190K, committed 26496K, reserved 1073152K
  class space    used 2801K, committed 2944K, reserved 1048576K
}
Event: 17.308 GC heap before
{Heap before GC invocations=16 (full 0):
 garbage-first heap   total 129024K, used 94096K [0x00000000c1200000, 0x0000000100000000)
  region size 1024K, 51 young (52224K), 2 survivors (2048K)
 Metaspace       used 26866K, committed 27200K, reserved 1073152K
  class space    used 2856K, committed 3008K, reserved 1048576K
}
Event: 17.318 GC heap after
{Heap after GC invocations=17 (full 0):
 garbage-first heap   total 129024K, used 43982K [0x00000000c1200000, 0x0000000100000000)
  region size 1024K, 3 young (3072K), 3 survivors (3072K)
 Metaspace       used 26866K, committed 27200K, reserved 1073152K
  class space    used 2856K, committed 3008K, reserved 1048576K
}
Event: 17.802 GC heap before
{Heap before GC invocations=17 (full 0):
 garbage-first heap   total 129024K, used 96206K [0x00000000c1200000, 0x0000000100000000)
  region size 1024K, 53 young (54272K), 3 survivors (3072K)
 Metaspace       used 26926K, committed 27200K, reserved 1073152K
  class space    used 2858K, committed 3008K, reserved 1048576K
}
Event: 17.816 GC heap after
{Heap after GC invocations=18 (full 0):
 garbage-first heap   total 129024K, used 51119K [0x00000000c1200000, 0x0000000100000000)
  region size 1024K, 7 young (7168K), 7 survivors (7168K)
 Metaspace       used 26926K, committed 27200K, reserved 1073152K
  class space    used 2858K, committed 3008K, reserved 1048576K
}
Event: 18.893 GC heap before
{Heap before GC invocations=18 (full 0):
 garbage-first heap   total 129024K, used 95151K [0x00000000c1200000, 0x0000000100000000)
  region size 1024K, 51 young (52224K), 7 survivors (7168K)
 Metaspace       used 26966K, committed 27264K, reserved 1073152K
  class space    used 2858K, committed 3008K, reserved 1048576K
}
Event: 18.917 GC heap after
{Heap after GC invocations=19 (full 0):
 garbage-first heap   total 129024K, used 60357K [0x00000000c1200000, 0x0000000100000000)
  region size 1024K, 7 young (7168K), 7 survivors (7168K)
 Metaspace       used 26966K, committed 27264K, reserved 1073152K
  class space    used 2858K, committed 3008K, reserved 1048576K
}
Event: 20.223 GC heap before
{Heap before GC invocations=19 (full 0):
 garbage-first heap   total 129024K, used 95173K [0x00000000c1200000, 0x0000000100000000)
  region size 1024K, 41 young (41984K), 7 survivors (7168K)
 Metaspace       used 28055K, committed 28416K, reserved 1081344K
  class space    used 2957K, committed 3136K, reserved 1048576K
}
Event: 20.239 GC heap after
{Heap after GC invocations=20 (full 0):
 garbage-first heap   total 129024K, used 62505K [0x00000000c1200000, 0x0000000100000000)
  region size 1024K, 3 young (3072K), 3 survivors (3072K)
 Metaspace       used 28055K, committed 28416K, reserved 1081344K
  class space    used 2957K, committed 3136K, reserved 1048576K
}
Event: 20.568 GC heap before
{Heap before GC invocations=20 (full 0):
 garbage-first heap   total 129024K, used 70697K [0x00000000c1200000, 0x0000000100000000)
  region size 1024K, 12 young (12288K), 3 survivors (3072K)
 Metaspace       used 29160K, committed 29504K, reserved 1081344K
  class space    used 3115K, committed 3264K, reserved 1048576K
}
Event: 20.575 GC heap after
{Heap after GC invocations=21 (full 0):
 garbage-first heap   total 129024K, used 62505K [0x00000000c1200000, 0x0000000100000000)
  region size 1024K, 3 young (3072K), 3 survivors (3072K)
 Metaspace       used 29160K, committed 29504K, reserved 1081344K
  class space    used 3115K, committed 3264K, reserved 1048576K
}
Event: 21.917 GC heap before
{Heap before GC invocations=22 (full 0):
 garbage-first heap   total 142336K, used 122921K [0x00000000c1200000, 0x0000000100000000)
  region size 1024K, 40 young (40960K), 3 survivors (3072K)
 Metaspace       used 29702K, committed 30080K, reserved 1081344K
  class space    used 3166K, committed 3328K, reserved 1048576K
}
Event: 21.931 GC heap after
{Heap after GC invocations=23 (full 0):
 garbage-first heap   total 142336K, used 62197K [0x00000000c1200000, 0x0000000100000000)
  region size 1024K, 3 young (3072K), 3 survivors (3072K)
 Metaspace       used 29702K, committed 30080K, reserved 1081344K
  class space    used 3166K, committed 3328K, reserved 1048576K
}
Event: 22.129 GC heap before
{Heap before GC invocations=23 (full 0):
 garbage-first heap   total 142336K, used 64245K [0x00000000c1200000, 0x0000000100000000)
  region size 1024K, 6 young (6144K), 3 survivors (3072K)
 Metaspace       used 29738K, committed 30080K, reserved 1081344K
  class space    used 3172K, committed 3328K, reserved 1048576K
}
Event: 22.148 GC heap after
{Heap after GC invocations=24 (full 0):
 garbage-first heap   total 142336K, used 51354K [0x00000000c1200000, 0x0000000100000000)
  region size 1024K, 1 young (1024K), 1 survivors (1024K)
 Metaspace       used 29738K, committed 30080K, reserved 1081344K
  class space    used 3172K, committed 3328K, reserved 1048576K
}

