# JRE version: Java(TM) SE Runtime Environment (16.0+36) (build 16+36-2231)
# Java VM: Java HotSpot(TM) 64-Bit Server VM (16+36-2231, mixed mode, sharing, tiered, compressed oops, g1 gc, windows-amd64)
GC Precious Log:
 CPUs: 4 total, 4 available
 Memory: 4016M
 Large Page Support: Disabled
 NUMA Support: Disabled
 Compressed Oops: Enabled (32-bit)
 Heap Region Size: 1M
 Heap Min Capacity: 8M
 Heap Initial Capacity: 64M
 Heap Max Capacity: 1006M
 Pre-touch: Disabled
 Parallel Workers: 4
 Concurrent Workers: 1
 Concurrent Refinement Workers: 4
 Periodic GC: Disabled
Heap:
 garbage-first heap   total 91136K, used 47834K [0x00000000c1200000, 0x0000000100000000)
  region size 1024K, 4 young (4096K), 4 survivors (4096K)
 Metaspace       used 26942K, committed 27264K, reserved 1073152K
  class space    used 2859K, committed 3008K, reserved 1048576K
GC Heap History (20 events):
Event: 12.718 GC heap after
{Heap after GC invocations=8 (full 0):
 garbage-first heap   total 78848K, used 16111K [0x00000000c1200000, 0x0000000100000000)
  region size 1024K, 3 young (3072K), 3 survivors (3072K)
 Metaspace       used 18101K, committed 18368K, reserved 1073152K
  class space    used 1991K, committed 2112K, reserved 1048576K
}
Event: 13.329 GC heap before
{Heap before GC invocations=8 (full 0):
 garbage-first heap   total 78848K, used 17135K [0x00000000c1200000, 0x0000000100000000)
  region size 1024K, 5 young (5120K), 3 survivors (3072K)
 Metaspace       used 21022K, committed 21248K, reserved 1073152K
  class space    used 2306K, committed 2432K, reserved 1048576K
}
Event: 13.352 GC heap after
{Heap after GC invocations=9 (full 0):
 garbage-first heap   total 78848K, used 16579K [0x00000000c1200000, 0x0000000100000000)
  region size 1024K, 4 young (4096K), 4 survivors (4096K)
 Metaspace       used 21022K, committed 21248K, reserved 1073152K
  class space    used 2306K, committed 2432K, reserved 1048576K
}
Event: 15.441 GC heap before
{Heap before GC invocations=10 (full 0):
 garbage-first heap   total 61440K, used 50371K [0x00000000c1200000, 0x0000000100000000)
  region size 1024K, 36 young (36864K), 4 survivors (4096K)
 Metaspace       used 23442K, committed 23680K, reserved 1073152K
  class space    used 2554K, committed 2688K, reserved 1048576K
}
Event: 15.469 GC heap after
{Heap after GC invocations=11 (full 0):
 garbage-first heap   total 62464K, used 25110K [0x00000000c1200000, 0x0000000100000000)
  region size 1024K, 5 young (5120K), 5 survivors (5120K)
 Metaspace       used 23442K, committed 23680K, reserved 1073152K
  class space    used 2554K, committed 2688K, reserved 1048576K
}
Event: 15.538 GC heap before
{Heap before GC invocations=11 (full 0):
 garbage-first heap   total 62464K, used 43542K [0x00000000c1200000, 0x0000000100000000)
  region size 1024K, 24 young (24576K), 5 survivors (5120K)
 Metaspace       used 23457K, committed 23680K, reserved 1073152K
  class space    used 2554K, committed 2688K, reserved 1048576K
}
Event: 15.548 GC heap after
{Heap after GC invocations=12 (full 0):
 garbage-first heap   total 62464K, used 25850K [0x00000000c1200000, 0x0000000100000000)
  region size 1024K, 1 young (1024K), 1 survivors (1024K)
 Metaspace       used 23457K, committed 23680K, reserved 1073152K
  class space    used 2554K, committed 2688K, reserved 1048576K
}
Event: 16.223 GC heap before
{Heap before GC invocations=12 (full 0):
 garbage-first heap   total 62464K, used 46330K [0x00000000c1200000, 0x0000000100000000)
  region size 1024K, 21 young (21504K), 1 survivors (1024K)
 Metaspace       used 23519K, committed 23744K, reserved 1073152K
  class space    used 2554K, committed 2688K, reserved 1048576K
}
Event: 16.234 GC heap after
{Heap after GC invocations=13 (full 0):
 garbage-first heap   total 62464K, used 31436K [0x00000000c1200000, 0x0000000100000000)
  region size 1024K, 3 young (3072K), 3 survivors (3072K)
 Metaspace       used 23519K, committed 23744K, reserved 1073152K
  class space    used 2554K, committed 2688K, reserved 1048576K
}
Event: 16.704 GC heap before
{Heap before GC invocations=13 (full 0):
 garbage-first heap   total 62464K, used 46796K [0x00000000c1200000, 0x0000000100000000)
  region size 1024K, 18 young (18432K), 3 survivors (3072K)
 Metaspace       used 24017K, committed 24256K, reserved 1073152K
  class space    used 2601K, committed 2688K, reserved 1048576K
}
Event: 16.725 GC heap after
{Heap after GC invocations=14 (full 0):
 garbage-first heap   total 91136K, used 34093K [0x00000000c1200000, 0x0000000100000000)
  region size 1024K, 3 young (3072K), 3 survivors (3072K)
 Metaspace       used 24017K, committed 24256K, reserved 1073152K
  class space    used 2601K, committed 2688K, reserved 1048576K
}
Event: 19.052 GC heap before
{Heap before GC invocations=15 (full 0):
 garbage-first heap   total 91136K, used 64813K [0x00000000c1200000, 0x0000000100000000)
  region size 1024K, 32 young (32768K), 3 survivors (3072K)
 Metaspace       used 26212K, committed 26496K, reserved 1073152K
  class space    used 2800K, committed 2944K, reserved 1048576K
}
Event: 19.084 GC heap after
{Heap after GC invocations=16 (full 0):
 garbage-first heap   total 91136K, used 39414K [0x00000000c1200000, 0x0000000100000000)
  region size 1024K, 4 young (4096K), 4 survivors (4096K)
 Metaspace       used 26212K, committed 26496K, reserved 1073152K
  class space    used 2800K, committed 2944K, reserved 1048576K
}
Event: 20.573 GC heap before
{Heap before GC invocations=16 (full 0):
 garbage-first heap   total 91136K, used 69110K [0x00000000c1200000, 0x0000000100000000)
  region size 1024K, 31 young (31744K), 4 survivors (4096K)
 Metaspace       used 26887K, committed 27200K, reserved 1073152K
  class space    used 2857K, committed 3008K, reserved 1048576K
}
Event: 20.602 GC heap after
{Heap after GC invocations=17 (full 0):
 garbage-first heap   total 91136K, used 42700K [0x00000000c1200000, 0x0000000100000000)
  region size 1024K, 2 young (2048K), 2 survivors (2048K)
 Metaspace       used 26887K, committed 27200K, reserved 1073152K
  class space    used 2857K, committed 3008K, reserved 1048576K
}
Event: 20.618 GC heap before
{Heap before GC invocations=17 (full 0):
 garbage-first heap   total 91136K, used 68300K [0x00000000c1200000, 0x0000000100000000)
  region size 1024K, 28 young (28672K), 2 survivors (2048K)
 Metaspace       used 26887K, committed 27200K, reserved 1073152K
  class space    used 2857K, committed 3008K, reserved 1048576K
}
Event: 20.630 GC heap after
{Heap after GC invocations=18 (full 0):
 garbage-first heap   total 91136K, used 42700K [0x00000000c1200000, 0x0000000100000000)
  region size 1024K, 2 young (2048K), 2 survivors (2048K)
 Metaspace       used 26887K, committed 27200K, reserved 1073152K
  class space    used 2857K, committed 3008K, reserved 1048576K
}
Event: 21.046 GC heap before
{Heap before GC invocations=18 (full 0):
 garbage-first heap   total 91136K, used 53964K [0x00000000c1200000, 0x0000000100000000)
  region size 1024K, 14 young (14336K), 2 survivors (2048K)
 Metaspace       used 26913K, committed 27200K, reserved 1073152K
  class space    used 2859K, committed 3008K, reserved 1048576K
}
Event: 21.058 GC heap after
{Heap after GC invocations=19 (full 0):
 garbage-first heap   total 91136K, used 42016K [0x00000000c1200000, 0x0000000100000000)
  region size 1024K, 3 young (3072K), 3 survivors (3072K)
 Metaspace       used 26913K, committed 27200K, reserved 1073152K
  class space    used 2859K, committed 3008K, reserved 1048576K
}
Event: 21.286 GC heap before
{Heap before GC invocations=19 (full 0):
 garbage-first heap   total 91136K, used 50208K [0x00000000c1200000, 0x0000000100000000)
  region size 1024K, 11 young (11264K), 3 survivors (3072K)
 Metaspace       used 26942K, committed 27264K, reserved 1073152K
  class space    used 2859K, committed 3008K, reserved 1048576K
}

