# JRE version: Java(TM) SE Runtime Environment (16.0+36) (build 16+36-2231)
# Java VM: Java HotSpot(TM) 64-Bit Server VM (16+36-2231, mixed mode, sharing, tiered, compressed oops, g1 gc, windows-amd64)
GC Precious Log:
 CPUs: 4 total, 4 available
 Memory: 4016M
 Large Page Support: Disabled
 NUMA Support: Disabled
 Compressed Oops: Enabled (32-bit)
 Heap Region Size: 1M
 Heap Min Capacity: 8M
 Heap Initial Capacity: 64M
 Heap Max Capacity: 1006M
 Pre-touch: Disabled
 Parallel Workers: 4
 Concurrent Workers: 1
 Concurrent Refinement Workers: 4
 Periodic GC: Disabled
Heap:
 garbage-first heap   total 97280K, used 47730K [0x00000000c1200000, 0x0000000100000000)
  region size 1024K, 4 young (4096K), 4 survivors (4096K)
 Metaspace       used 26937K, committed 27264K, reserved 1073152K
  class space    used 2859K, committed 3008K, reserved 1048576K
GC Heap History (20 events):
Event: 10.853 GC heap after
{Heap after GC invocations=9 (full 0):
 garbage-first heap   total 78848K, used 17343K [0x00000000c1200000, 0x0000000100000000)
  region size 1024K, 4 young (4096K), 4 survivors (4096K)
 Metaspace       used 20993K, committed 21248K, reserved 1073152K
  class space    used 2304K, committed 2432K, reserved 1048576K
}
Event: 12.661 GC heap before
{Heap before GC invocations=10 (full 0):
 garbage-first heap   total 65536K, used 53183K [0x00000000c1200000, 0x0000000100000000)
  region size 1024K, 38 young (38912K), 4 survivors (4096K)
 Metaspace       used 23423K, committed 23744K, reserved 1073152K
  class space    used 2553K, committed 2688K, reserved 1048576K
}
Event: 12.687 GC heap after
{Heap after GC invocations=11 (full 0):
 garbage-first heap   total 65536K, used 25427K [0x00000000c1200000, 0x0000000100000000)
  region size 1024K, 5 young (5120K), 5 survivors (5120K)
 Metaspace       used 23423K, committed 23744K, reserved 1073152K
  class space    used 2553K, committed 2688K, reserved 1048576K
}
Event: 13.340 GC heap before
{Heap before GC invocations=12 (full 0):
 garbage-first heap   total 73728K, used 48979K [0x00000000c1200000, 0x0000000100000000)
  region size 1024K, 29 young (29696K), 5 survivors (5120K)
 Metaspace       used 23453K, committed 23744K, reserved 1073152K
  class space    used 2553K, committed 2688K, reserved 1048576K
}
Event: 13.355 GC heap after
{Heap after GC invocations=13 (full 0):
 garbage-first heap   total 73728K, used 28241K [0x00000000c1200000, 0x0000000100000000)
  region size 1024K, 3 young (3072K), 3 survivors (3072K)
 Metaspace       used 23453K, committed 23744K, reserved 1073152K
  class space    used 2553K, committed 2688K, reserved 1048576K
}
Event: 14.134 GC heap before
{Heap before GC invocations=13 (full 0):
 garbage-first heap   total 73728K, used 55889K [0x00000000c1200000, 0x0000000100000000)
  region size 1024K, 30 young (30720K), 3 survivors (3072K)
 Metaspace       used 23996K, committed 24256K, reserved 1073152K
  class space    used 2600K, committed 2688K, reserved 1048576K
}
Event: 14.151 GC heap after
{Heap after GC invocations=14 (full 0):
 garbage-first heap   total 73728K, used 34336K [0x00000000c1200000, 0x0000000100000000)
  region size 1024K, 4 young (4096K), 4 survivors (4096K)
 Metaspace       used 23996K, committed 24256K, reserved 1073152K
  class space    used 2600K, committed 2688K, reserved 1048576K
}
Event: 14.872 GC heap before
{Heap before GC invocations=14 (full 0):
 garbage-first heap   total 73728K, used 55840K [0x00000000c1200000, 0x0000000100000000)
  region size 1024K, 24 young (24576K), 4 survivors (4096K)
 Metaspace       used 24424K, committed 24704K, reserved 1073152K
  class space    used 2617K, committed 2752K, reserved 1048576K
}
Event: 14.893 GC heap after
{Heap after GC invocations=15 (full 0):
 garbage-first heap   total 97280K, used 38872K [0x00000000c1200000, 0x0000000100000000)
  region size 1024K, 3 young (3072K), 3 survivors (3072K)
 Metaspace       used 24424K, committed 24704K, reserved 1073152K
  class space    used 2617K, committed 2752K, reserved 1048576K
}
Event: 16.821 GC heap before
{Heap before GC invocations=15 (full 0):
 garbage-first heap   total 97280K, used 72664K [0x00000000c1200000, 0x0000000100000000)
  region size 1024K, 34 young (34816K), 3 survivors (3072K)
 Metaspace       used 26837K, committed 27200K, reserved 1073152K
  class space    used 2858K, committed 3008K, reserved 1048576K
}
Event: 16.848 GC heap after
{Heap after GC invocations=16 (full 0):
 garbage-first heap   total 97280K, used 43296K [0x00000000c1200000, 0x0000000100000000)
  region size 1024K, 4 young (4096K), 4 survivors (4096K)
 Metaspace       used 26837K, committed 27200K, reserved 1073152K
  class space    used 2858K, committed 3008K, reserved 1048576K
}
Event: 16.867 GC heap before
{Heap before GC invocations=16 (full 0):
 garbage-first heap   total 97280K, used 71968K [0x00000000c1200000, 0x0000000100000000)
  region size 1024K, 33 young (33792K), 4 survivors (4096K)
 Metaspace       used 26838K, committed 27200K, reserved 1073152K
  class space    used 2858K, committed 3008K, reserved 1048576K
}
Event: 16.884 GC heap after
{Heap after GC invocations=17 (full 0):
 garbage-first heap   total 97280K, used 43362K [0x00000000c1200000, 0x0000000100000000)
  region size 1024K, 1 young (1024K), 1 survivors (1024K)
 Metaspace       used 26838K, committed 27200K, reserved 1073152K
  class space    used 2858K, committed 3008K, reserved 1048576K
}
Event: 17.280 GC heap before
{Heap before GC invocations=17 (full 0):
 garbage-first heap   total 97280K, used 55650K [0x00000000c1200000, 0x0000000100000000)
  region size 1024K, 15 young (15360K), 1 survivors (1024K)
 Metaspace       used 26867K, committed 27200K, reserved 1073152K
  class space    used 2858K, committed 3008K, reserved 1048576K
}
Event: 17.282 GC heap after
{Heap after GC invocations=18 (full 0):
 garbage-first heap   total 97280K, used 43136K [0x00000000c1200000, 0x0000000100000000)
  region size 1024K, 1 young (1024K), 1 survivors (1024K)
 Metaspace       used 26867K, committed 27200K, reserved 1073152K
  class space    used 2858K, committed 3008K, reserved 1048576K
}
Event: 17.545 GC heap before
{Heap before GC invocations=19 (full 0):
 garbage-first heap   total 97280K, used 75904K [0x00000000c1200000, 0x0000000100000000)
  region size 1024K, 33 young (33792K), 1 survivors (1024K)
 Metaspace       used 26900K, committed 27200K, reserved 1073152K
  class space    used 2859K, committed 3008K, reserved 1048576K
}
Event: 17.554 GC heap after
{Heap after GC invocations=20 (full 0):
 garbage-first heap   total 97280K, used 49903K [0x00000000c1200000, 0x0000000100000000)
  region size 1024K, 5 young (5120K), 5 survivors (5120K)
 Metaspace       used 26900K, committed 27200K, reserved 1073152K
  class space    used 2859K, committed 3008K, reserved 1048576K
}
Event: 17.554 GC heap before
{Heap before GC invocations=20 (full 0):
 garbage-first heap   total 97280K, used 49903K [0x00000000c1200000, 0x0000000100000000)
  region size 1024K, 6 young (6144K), 5 survivors (5120K)
 Metaspace       used 26900K, committed 27200K, reserved 1073152K
  class space    used 2859K, committed 3008K, reserved 1048576K
}
Event: 17.567 GC heap after
{Heap after GC invocations=21 (full 0):
 garbage-first heap   total 97280K, used 42739K [0x00000000c1200000, 0x0000000100000000)
  region size 1024K, 1 young (1024K), 1 survivors (1024K)
 Metaspace       used 26900K, committed 27200K, reserved 1073152K
  class space    used 2859K, committed 3008K, reserved 1048576K
}
Event: 17.911 GC heap before
{Heap before GC invocations=21 (full 0):
 garbage-first heap   total 97280K, used 72435K [0x00000000c1200000, 0x0000000100000000)
  region size 1024K, 31 young (31744K), 1 survivors (1024K)
 Metaspace       used 26937K, committed 27264K, reserved 1073152K
  class space    used 2859K, committed 3008K, reserved 1048576K
}

