# JRE version: Java(TM) SE Runtime Environment (16.0+36) (build 16+36-2231)
# Java VM: Java HotSpot(TM) 64-Bit Server VM (16+36-2231, mixed mode, sharing, tiered, compressed oops, g1 gc, windows-amd64)
GC Precious Log:
 CPUs: 4 total, 4 available
 Memory: 4016M
 Large Page Support: Disabled
 NUMA Support: Disabled
 Compressed Oops: Enabled (32-bit)
 Heap Region Size: 1M
 Heap Min Capacity: 8M
 Heap Initial Capacity: 64M
 Heap Max Capacity: 1006M
 Pre-touch: Disabled
 Parallel Workers: 4
 Concurrent Workers: 1
 Concurrent Refinement Workers: 4
 Periodic GC: Disabled
Heap:
 garbage-first heap   total 103424K, used 54987K [0x00000000c1200000, 0x0000000100000000)
  region size 1024K, 1 young (1024K), 1 survivors (1024K)
 Metaspace       used 26991K, committed 27264K, reserved 1073152K
  class space    used 2857K, committed 3008K, reserved 1048576K
GC Heap History (20 events):
Event: 23.940 GC heap after
{Heap after GC invocations=13 (full 0):
 garbage-first heap   total 66560K, used 33704K [0x00000000c1200000, 0x0000000100000000)
  region size 1024K, 4 young (4096K), 4 survivors (4096K)
 Metaspace       used 23940K, committed 24128K, reserved 1073152K
  class space    used 2589K, committed 2688K, reserved 1048576K
}
Event: 24.450 GC heap before
{Heap before GC invocations=13 (full 0):
 garbage-first heap   total 66560K, used 44968K [0x00000000c1200000, 0x0000000100000000)
  region size 1024K, 17 young (17408K), 4 survivors (4096K)
 Metaspace       used 24397K, committed 24640K, reserved 1073152K
  class space    used 2616K, committed 2752K, reserved 1048576K
}
Event: 24.472 GC heap after
{Heap after GC invocations=14 (full 0):
 garbage-first heap   total 66560K, used 36795K [0x00000000c1200000, 0x0000000100000000)
  region size 1024K, 3 young (3072K), 3 survivors (3072K)
 Metaspace       used 24397K, committed 24640K, reserved 1073152K
  class space    used 2616K, committed 2752K, reserved 1048576K
}
Event: 24.985 GC heap before
{Heap before GC invocations=15 (full 0):
 garbage-first heap   total 73728K, used 51131K [0x00000000c1200000, 0x0000000100000000)
  region size 1024K, 16 young (16384K), 3 survivors (3072K)
 Metaspace       used 24780K, committed 25024K, reserved 1073152K
  class space    used 2638K, committed 2752K, reserved 1048576K
}
Event: 25.007 GC heap after
{Heap after GC invocations=16 (full 0):
 garbage-first heap   total 73728K, used 39578K [0x00000000c1200000, 0x0000000100000000)
  region size 1024K, 2 young (2048K), 2 survivors (2048K)
 Metaspace       used 24780K, committed 25024K, reserved 1073152K
  class space    used 2638K, committed 2752K, reserved 1048576K
}
Event: 25.665 GC heap before
{Heap before GC invocations=16 (full 0):
 garbage-first heap   total 73728K, used 46746K [0x00000000c1200000, 0x0000000100000000)
  region size 1024K, 10 young (10240K), 2 survivors (2048K)
 Metaspace       used 26259K, committed 26560K, reserved 1073152K
  class space    used 2800K, committed 2944K, reserved 1048576K
}
Event: 25.685 GC heap after
{Heap after GC invocations=17 (full 0):
 garbage-first heap   total 73728K, used 41178K [0x00000000c1200000, 0x0000000100000000)
  region size 1024K, 2 young (2048K), 2 survivors (2048K)
 Metaspace       used 26259K, committed 26560K, reserved 1073152K
  class space    used 2800K, committed 2944K, reserved 1048576K
}
Event: 26.531 GC heap before
{Heap before GC invocations=18 (full 0):
 garbage-first heap   total 80896K, used 58586K [0x00000000c1200000, 0x0000000100000000)
  region size 1024K, 17 young (17408K), 2 survivors (2048K)
 Metaspace       used 26819K, committed 27136K, reserved 1073152K
  class space    used 2845K, committed 3008K, reserved 1048576K
}
Event: 26.544 GC heap after
{Heap after GC invocations=19 (full 0):
 garbage-first heap   total 80896K, used 43143K [0x00000000c1200000, 0x0000000100000000)
  region size 1024K, 3 young (3072K), 3 survivors (3072K)
 Metaspace       used 26819K, committed 27136K, reserved 1073152K
  class space    used 2845K, committed 3008K, reserved 1048576K
}
Event: 26.853 GC heap before
{Heap before GC invocations=19 (full 0):
 garbage-first heap   total 80896K, used 45191K [0x00000000c1200000, 0x0000000100000000)
  region size 1024K, 6 young (6144K), 3 survivors (3072K)
 Metaspace       used 26902K, committed 27200K, reserved 1073152K
  class space    used 2855K, committed 3008K, reserved 1048576K
}
Event: 26.866 GC heap after
{Heap after GC invocations=20 (full 0):
 garbage-first heap   total 103424K, used 42485K [0x00000000c1200000, 0x0000000100000000)
  region size 1024K, 2 young (2048K), 2 survivors (2048K)
 Metaspace       used 26902K, committed 27200K, reserved 1073152K
  class space    used 2855K, committed 3008K, reserved 1048576K
}
Event: 26.976 GC heap before
{Heap before GC invocations=20 (full 0):
 garbage-first heap   total 103424K, used 76277K [0x00000000c1200000, 0x0000000100000000)
  region size 1024K, 35 young (35840K), 2 survivors (2048K)
 Metaspace       used 26902K, committed 27200K, reserved 1073152K
  class space    used 2855K, committed 3008K, reserved 1048576K
}
Event: 26.985 GC heap after
{Heap after GC invocations=21 (full 0):
 garbage-first heap   total 103424K, used 43644K [0x00000000c1200000, 0x0000000100000000)
  region size 1024K, 2 young (2048K), 2 survivors (2048K)
 Metaspace       used 26902K, committed 27200K, reserved 1073152K
  class space    used 2855K, committed 3008K, reserved 1048576K
}
Event: 27.883 GC heap before
{Heap before GC invocations=21 (full 0):
 garbage-first heap   total 103424K, used 79484K [0x00000000c1200000, 0x0000000100000000)
  region size 1024K, 36 young (36864K), 2 survivors (2048K)
 Metaspace       used 26956K, committed 27264K, reserved 1073152K
  class space    used 2857K, committed 3008K, reserved 1048576K
}
Event: 27.899 GC heap after
{Heap after GC invocations=22 (full 0):
 garbage-first heap   total 103424K, used 50729K [0x00000000c1200000, 0x0000000100000000)
  region size 1024K, 5 young (5120K), 5 survivors (5120K)
 Metaspace       used 26956K, committed 27264K, reserved 1073152K
  class space    used 2857K, committed 3008K, reserved 1048576K
}
Event: 27.916 GC heap before
{Heap before GC invocations=22 (full 0):
 garbage-first heap   total 103424K, used 76329K [0x00000000c1200000, 0x0000000100000000)
  region size 1024K, 31 young (31744K), 5 survivors (5120K)
 Metaspace       used 26956K, committed 27264K, reserved 1073152K
  class space    used 2857K, committed 3008K, reserved 1048576K
}
Event: 27.924 GC heap after
{Heap after GC invocations=23 (full 0):
 garbage-first heap   total 103424K, used 51493K [0x00000000c1200000, 0x0000000100000000)
  region size 1024K, 1 young (1024K), 1 survivors (1024K)
 Metaspace       used 26956K, committed 27264K, reserved 1073152K
  class space    used 2857K, committed 3008K, reserved 1048576K
}
Event: 28.660 GC heap before
{Heap before GC invocations=24 (full 0):
 garbage-first heap   total 103424K, used 79141K [0x00000000c1200000, 0x0000000100000000)
  region size 1024K, 28 young (28672K), 1 survivors (1024K)
 Metaspace       used 26991K, committed 27264K, reserved 1073152K
  class space    used 2857K, committed 3008K, reserved 1048576K
}
Event: 28.674 GC heap after
{Heap after GC invocations=25 (full 0):
 garbage-first heap   total 103424K, used 59676K [0x00000000c1200000, 0x0000000100000000)
  region size 1024K, 4 young (4096K), 4 survivors (4096K)
 Metaspace       used 26991K, committed 27264K, reserved 1073152K
  class space    used 2857K, committed 3008K, reserved 1048576K
}
Event: 28.711 GC heap before
{Heap before GC invocations=25 (full 0):
 garbage-first heap   total 103424K, used 60700K [0x00000000c1200000, 0x0000000100000000)
  region size 1024K, 5 young (5120K), 4 survivors (4096K)
 Metaspace       used 26991K, committed 27264K, reserved 1073152K
  class space    used 2857K, committed 3008K, reserved 1048576K
}

