# JRE version: Java(TM) SE Runtime Environment (16.0+36) (build 16+36-2231)
# Java VM: Java HotSpot(TM) 64-Bit Server VM (16+36-2231, mixed mode, sharing, tiered, compressed oops, g1 gc, windows-amd64)
GC Precious Log:
 CPUs: 4 total, 4 available
 Memory: 4016M
 Large Page Support: Disabled
 NUMA Support: Disabled
 Compressed Oops: Enabled (32-bit)
 Heap Region Size: 1M
 Heap Min Capacity: 8M
 Heap Initial Capacity: 64M
 Heap Max Capacity: 1006M
 Pre-touch: Disabled
 Parallel Workers: 4
 Concurrent Workers: 1
 Concurrent Refinement Workers: 4
 Periodic GC: Disabled
Heap:
 garbage-first heap   total 203776K, used 125802K [0x00000000c1200000, 0x0000000100000000)
  region size 1024K, 78 young (79872K), 1 survivors (1024K)
 Metaspace       used 31286K, committed 31616K, reserved 1081344K
  class space    used 3347K, committed 3520K, reserved 1048576K
GC Heap History (20 events):
Event: 21.723 GC heap before
{Heap before GC invocations=14 (full 0):
 garbage-first heap   total 78848K, used 43479K [0x00000000c1200000, 0x0000000100000000)
  region size 1024K, 8 young (8192K), 4 survivors (4096K)
 Metaspace       used 26252K, committed 26560K, reserved 1073152K
  class space    used 2801K, committed 2944K, reserved 1048576K
}
Event: 21.744 GC heap after
{Heap after GC invocations=15 (full 0):
 garbage-first heap   total 78848K, used 40842K [0x00000000c1200000, 0x0000000100000000)
  region size 1024K, 1 young (1024K), 1 survivors (1024K)
 Metaspace       used 26252K, committed 26560K, reserved 1073152K
  class space    used 2801K, committed 2944K, reserved 1048576K
}
Event: 22.848 GC heap before
{Heap before GC invocations=16 (full 0):
 garbage-first heap   total 78848K, used 60298K [0x00000000c1200000, 0x0000000100000000)
  region size 1024K, 19 young (19456K), 1 survivors (1024K)
 Metaspace       used 26909K, committed 27264K, reserved 1073152K
  class space    used 2856K, committed 3008K, reserved 1048576K
}
Event: 22.860 GC heap after
{Heap after GC invocations=17 (full 0):
 garbage-first heap   total 78848K, used 41966K [0x00000000c1200000, 0x0000000100000000)
  region size 1024K, 2 young (2048K), 2 survivors (2048K)
 Metaspace       used 26909K, committed 27264K, reserved 1073152K
  class space    used 2856K, committed 3008K, reserved 1048576K
}
Event: 22.891 GC heap before
{Heap before GC invocations=17 (full 0):
 garbage-first heap   total 78848K, used 62446K [0x00000000c1200000, 0x0000000100000000)
  region size 1024K, 22 young (22528K), 2 survivors (2048K)
 Metaspace       used 26909K, committed 27264K, reserved 1073152K
  class space    used 2856K, committed 3008K, reserved 1048576K
}
Event: 22.902 GC heap after
{Heap after GC invocations=18 (full 0):
 garbage-first heap   total 99328K, used 43327K [0x00000000c1200000, 0x0000000100000000)
  region size 1024K, 2 young (2048K), 2 survivors (2048K)
 Metaspace       used 26909K, committed 27264K, reserved 1073152K
  class space    used 2856K, committed 3008K, reserved 1048576K
}
Event: 23.665 GC heap before
{Heap before GC invocations=19 (full 0):
 garbage-first heap   total 99328K, used 76095K [0x00000000c1200000, 0x0000000100000000)
  region size 1024K, 34 young (34816K), 2 survivors (2048K)
 Metaspace       used 26960K, committed 27264K, reserved 1073152K
  class space    used 2858K, committed 3008K, reserved 1048576K
}
Event: 23.678 GC heap after
{Heap after GC invocations=20 (full 0):
 garbage-first heap   total 99328K, used 48059K [0x00000000c1200000, 0x0000000100000000)
  region size 1024K, 5 young (5120K), 5 survivors (5120K)
 Metaspace       used 26960K, committed 27264K, reserved 1073152K
  class space    used 2858K, committed 3008K, reserved 1048576K
}
Event: 23.706 GC heap before
{Heap before GC invocations=20 (full 0):
 garbage-first heap   total 99328K, used 49083K [0x00000000c1200000, 0x0000000100000000)
  region size 1024K, 6 young (6144K), 5 survivors (5120K)
 Metaspace       used 26966K, committed 27264K, reserved 1073152K
  class space    used 2858K, committed 3008K, reserved 1048576K
}
Event: 23.726 GC heap after
{Heap after GC invocations=21 (full 0):
 garbage-first heap   total 99328K, used 43796K [0x00000000c1200000, 0x0000000100000000)
  region size 1024K, 1 young (1024K), 1 survivors (1024K)
 Metaspace       used 26966K, committed 27264K, reserved 1073152K
  class space    used 2858K, committed 3008K, reserved 1048576K
}
Event: 23.782 GC heap before
{Heap before GC invocations=21 (full 0):
 garbage-first heap   total 99328K, used 75540K [0x00000000c1200000, 0x0000000100000000)
  region size 1024K, 32 young (32768K), 1 survivors (1024K)
 Metaspace       used 26968K, committed 27264K, reserved 1073152K
  class space    used 2858K, committed 3008K, reserved 1048576K
}
Event: 23.787 GC heap after
{Heap after GC invocations=22 (full 0):
 garbage-first heap   total 99328K, used 45730K [0x00000000c1200000, 0x0000000100000000)
  region size 1024K, 2 young (2048K), 2 survivors (2048K)
 Metaspace       used 26968K, committed 27264K, reserved 1073152K
  class space    used 2858K, committed 3008K, reserved 1048576K
}
Event: 24.243 GC heap before
{Heap before GC invocations=22 (full 0):
 garbage-first heap   total 99328K, used 75426K [0x00000000c1200000, 0x0000000100000000)
  region size 1024K, 32 young (32768K), 2 survivors (2048K)
 Metaspace       used 27000K, committed 27328K, reserved 1073152K
  class space    used 2858K, committed 3008K, reserved 1048576K
}
Event: 24.259 GC heap after
{Heap after GC invocations=23 (full 0):
 garbage-first heap   total 99328K, used 53106K [0x00000000c1200000, 0x0000000100000000)
  region size 1024K, 4 young (4096K), 4 survivors (4096K)
 Metaspace       used 27000K, committed 27328K, reserved 1073152K
  class space    used 2858K, committed 3008K, reserved 1048576K
}
Event: 24.898 GC heap before
{Heap before GC invocations=23 (full 0):
 garbage-first heap   total 99328K, used 75634K [0x00000000c1200000, 0x0000000100000000)
  region size 1024K, 26 young (26624K), 4 survivors (4096K)
 Metaspace       used 27235K, committed 27520K, reserved 1081344K
  class space    used 2870K, committed 3008K, reserved 1048576K
}
Event: 24.912 GC heap after
{Heap after GC invocations=24 (full 0):
 garbage-first heap   total 203776K, used 55241K [0x00000000c1200000, 0x0000000100000000)
  region size 1024K, 3 young (3072K), 3 survivors (3072K)
 Metaspace       used 27235K, committed 27520K, reserved 1081344K
  class space    used 2870K, committed 3008K, reserved 1048576K
}
Event: 27.839 GC heap before
{Heap before GC invocations=25 (full 0):
 garbage-first heap   total 203776K, used 173001K [0x00000000c1200000, 0x0000000100000000)
  region size 1024K, 94 young (96256K), 3 survivors (3072K)
 Metaspace       used 30344K, committed 30720K, reserved 1081344K
  class space    used 3242K, committed 3392K, reserved 1048576K
}
Event: 28.012 GC heap after
{Heap after GC invocations=26 (full 0):
 garbage-first heap   total 203776K, used 60385K [0x00000000c1200000, 0x0000000100000000)
  region size 1024K, 7 young (7168K), 7 survivors (7168K)
 Metaspace       used 30344K, committed 30720K, reserved 1081344K
  class space    used 3242K, committed 3392K, reserved 1048576K
}
Event: 28.014 GC heap before
{Heap before GC invocations=26 (full 0):
 garbage-first heap   total 203776K, used 61409K [0x00000000c1200000, 0x0000000100000000)
  region size 1024K, 9 young (9216K), 7 survivors (7168K)
 Metaspace       used 30344K, committed 30720K, reserved 1081344K
  class space    used 3242K, committed 3392K, reserved 1048576K
}
Event: 28.063 GC heap after
{Heap after GC invocations=27 (full 0):
 garbage-first heap   total 203776K, used 49002K [0x00000000c1200000, 0x0000000100000000)
  region size 1024K, 1 young (1024K), 1 survivors (1024K)
 Metaspace       used 30344K, committed 30720K, reserved 1081344K
  class space    used 3242K, committed 3392K, reserved 1048576K
}

